\BOOKMARK [0][-]{chapter.1}{The Workshop - Details}{}% 1
\BOOKMARK [0][-]{chapter.2}{The Workshop - Facilitator}{}% 2
\BOOKMARK [0][-]{chapter.3}{The Workshop - Intros}{}% 3
\BOOKMARK [0][-]{chapter.4}{Useful Resources}{}% 4
\BOOKMARK [0][-]{chapter.5}{RHEL Overview}{}% 5
\BOOKMARK [0][-]{chapter.6}{RHCSA/RHCE Defined}{}% 6
\BOOKMARK [0][-]{chapter.7}{RHCSA Info}{}% 7
\BOOKMARK [0][-]{chapter.8}{RHCSA Prep}{}% 8
\BOOKMARK [0][-]{chapter.9}{RHCE Info}{}% 9
\BOOKMARK [0][-]{chapter.10}{RHCE Prep}{}% 10
\BOOKMARK [0][-]{chapter.11}{RHCSA Requirements \(ex200\)}{}% 11
\BOOKMARK [1][-]{section.11.1}{RHCSA Reqs - Understand and use essential tools \(1\)}{chapter.11}% 12
\BOOKMARK [1][-]{section.11.2}{RHCSA Reqs - Understand and use essential tools \(2\)}{chapter.11}% 13
\BOOKMARK [1][-]{section.11.3}{RHCSA Reqs - Operate running systems \(1\)}{chapter.11}% 14
\BOOKMARK [1][-]{section.11.4}{RHCSA Reqs - Operate running systems \(2\)}{chapter.11}% 15
\BOOKMARK [1][-]{section.11.5}{RHCSA Reqs - Configure local storage}{chapter.11}% 16
\BOOKMARK [1][-]{section.11.6}{RHCSA Reqs - Create and configure file systems}{chapter.11}% 17
\BOOKMARK [1][-]{section.11.7}{RHCSA Reqs - Deploy, configure, and maintain systems \(1\)}{chapter.11}% 18
\BOOKMARK [1][-]{section.11.8}{RHCSA Reqs - Deploy, configure, and maintain systems \(2\)}{chapter.11}% 19
\BOOKMARK [1][-]{section.11.9}{RHCSA Reqs - Manage users and groups}{chapter.11}% 20
\BOOKMARK [1][-]{section.11.10}{RHCSA Reqs - Manage security}{chapter.11}% 21
\BOOKMARK [0][-]{chapter.12}{RHCE Requirements \(ex300\)}{}% 22
\BOOKMARK [1][-]{section.12.1}{RHCE Reqs - System configuration and management \(1\)}{chapter.12}% 23
\BOOKMARK [1][-]{section.12.2}{RHCE Reqs - System configuration and management \(2\)}{chapter.12}% 24
\BOOKMARK [1][-]{section.12.3}{RHCE Reqs - Network services}{chapter.12}% 25
\BOOKMARK [1][-]{section.12.4}{RHCE Reqs - HTTP/HTTPS}{chapter.12}% 26
\BOOKMARK [1][-]{section.12.5}{RHCE Reqs - DNS}{chapter.12}% 27
\BOOKMARK [1][-]{section.12.6}{RHCE Reqs - NFS}{chapter.12}% 28
\BOOKMARK [1][-]{section.12.7}{RHCE Reqs - SMB}{chapter.12}% 29
\BOOKMARK [1][-]{section.12.8}{RHCE Reqs - SMTP}{chapter.12}% 30
\BOOKMARK [1][-]{section.12.9}{RHCE Reqs - SSH}{chapter.12}% 31
\BOOKMARK [1][-]{section.12.10}{RHCE Reqs - NTP}{chapter.12}% 32
\BOOKMARK [1][-]{section.12.11}{RHCE Reqs - Database services}{chapter.12}% 33
\BOOKMARK [0][-]{chapter.13}{Workshop Prep}{}% 34
